
Connected to: Oracle Database 11g Express Edition Release 11.2.0.2.0 - Production
Export done in CL8MSWIN1251 character set and AL16UTF16 NCHAR character set
server uses AL32UTF8 character set (possible charset conversion)

About to export specified tables via Conventional Path ...
. . exporting table                         TRAINS
                                                           20 rows exported
EXP-00091: Exporting questionable statistics.
EXP-00091: Exporting questionable statistics.
. . exporting table                    TRAIN_STAFF
                                                           20 rows exported
EXP-00091: Exporting questionable statistics.
EXP-00091: Exporting questionable statistics.
. . exporting table              TRAIN_COMPOSITION
                                                           20 rows exported
EXP-00091: Exporting questionable statistics.
EXP-00091: Exporting questionable statistics.
. . exporting table                       STATIONS
                                                            8 rows exported
EXP-00091: Exporting questionable statistics.
EXP-00091: Exporting questionable statistics.
. . exporting table                         ROUTES
                                                           20 rows exported
EXP-00091: Exporting questionable statistics.
EXP-00091: Exporting questionable statistics.
. . exporting table                      POSITIONS
                                                            8 rows exported
EXP-00091: Exporting questionable statistics.
EXP-00091: Exporting questionable statistics.
. . exporting table                 CARRIAGE_TYPES
                                                            9 rows exported
EXP-00091: Exporting questionable statistics.
EXP-00091: Exporting questionable statistics.
. . exporting table                      CARRIAGES
                                                            7 rows exported
EXP-00091: Exporting questionable statistics.
EXP-00091: Exporting questionable statistics.
. . exporting table                           HALT
                                                            6 rows exported
EXP-00091: Exporting questionable statistics.
EXP-00091: Exporting questionable statistics.
. . exporting table                       EMPLOYEE
                                                            5 rows exported
EXP-00091: Exporting questionable statistics.
EXP-00091: Exporting questionable statistics.
. . exporting table             EMPLOYEE_POSITIONS
                                                            6 rows exported
EXP-00091: Exporting questionable statistics.
EXP-00091: Exporting questionable statistics.
Export terminated successfully with warnings.
